#! /usr/local/iverilog/bin/vvp
:ivl_version "11.0 (devel)";
:ivl_delay_selection "TYPICAL";
:vpi_time_precision - 12;
:vpi_module "C:\iverilog\lib\ivl\system.vpi";
:vpi_module "C:\iverilog\lib\ivl\vhdl_sys.vpi";
:vpi_module "C:\iverilog\lib\ivl\vhdl_textio.vpi";
:vpi_module "C:\iverilog\lib\ivl\v2005_math.vpi";
:vpi_module "C:\iverilog\lib\ivl\va_math.vpi";
S_00000000010ab8a0 .scope module, "tb" "tb" 2 3;
 .timescale -9 -12;
v000000000111c9f0_0 .var "clock", 0 0;
v000000000111c310_0 .var "count", 23 0;
v000000000111cb30_0 .net "pdm", 0 0, v000000000111c090_0;  1 drivers
v000000000111beb0_0 .var "pdm_data", 0 0;
v000000000111c450_0 .var "rst", 0 0;
E_00000000010f1c70 .event posedge, v000000000111c950_0;
S_0000000001117280 .scope module, "foo" "input_pdm" 2 13, 3 8 0, S_00000000010ab8a0;
 .timescale -9 -12;
    .port_info 0 /INPUT 1 "pdm_data";
    .port_info 1 /INPUT 1 "clock";
    .port_info 2 /INPUT 1 "rst";
    .port_info 3 /OUTPUT 1 "pdm";
P_00000000010f5180 .param/l "c_BIT_PERIOD" 0 3 17, +C4<00000000000000011001000111110000>;
P_00000000010f51b8 .param/l "c_CLKS_PER_BIT" 0 3 16, +C4<00000000000000000000000010011100>;
P_00000000010f51f0 .param/l "c_CLOCK_PERIOD_NS" 0 3 15, +C4<00000000000000000000001010011010>;
v000000000111c4f0_0 .var/i "a", 31 0;
v000000000111c950_0 .net "clock", 0 0, v000000000111c9f0_0;  1 drivers
v000000000111c130_0 .var "count", 2 0;
v000000000111bff0_0 .var/i "i", 31 0;
v000000000111c090_0 .var "pdm", 0 0;
v000000000111cbd0 .array "pdm_array", 46874 0, 7 0;
v000000000111c3b0_0 .net "pdm_data", 0 0, v000000000111beb0_0;  1 drivers
v000000000111cdb0_0 .var "r_Clock", 0 0;
v000000000111c770_0 .var "r_Rx_Serial", 0 0;
v000000000111c810_0 .var "r_Tx_Byte", 7 0;
v000000000111c270_0 .var "r_Tx_DV", 0 0;
v000000000111c630_0 .net "rst", 0 0, v000000000111c450_0;  1 drivers
E_00000000010f2270 .event edge, v000000000111c3b0_0;
E_00000000010f24f0 .event posedge, v000000000111c630_0, v000000000111c950_0;
S_00000000010aba30 .scope module, "uart_rx" "uart_rx" 4 1;
 .timescale -9 -12;
    .port_info 0 /INPUT 1 "i_Clock";
    .port_info 1 /INPUT 1 "i_Rx_Serial";
    .port_info 2 /OUTPUT 1 "o_Rx_DV";
    .port_info 3 /OUTPUT 8 "o_Rx_Byte";
P_00000000010feb30 .param/l "CLKS_PER_BIT" 0 4 2, +C4<00000000000000000000000000000000>;
P_00000000010feb68 .param/l "s_CLEANUP" 0 4 14, C4<100>;
P_00000000010feba0 .param/l "s_IDLE" 0 4 10, C4<000>;
P_00000000010febd8 .param/l "s_RX_DATA_BITS" 0 4 12, C4<010>;
P_00000000010fec10 .param/l "s_RX_START_BIT" 0 4 11, C4<001>;
P_00000000010fec48 .param/l "s_RX_STOP_BIT" 0 4 13, C4<011>;
L_0000000001111630 .functor BUFZ 1, v0000000001178f90_0, C4<0>, C4<0>, C4<0>;
L_00000000011116a0 .functor BUFZ 8, v0000000001178b30_0, C4<00000000>, C4<00000000>, C4<00000000>;
o000000000111f2b8 .functor BUFZ 1, C4<z>; HiZ drive
v00000000011790d0_0 .net "i_Clock", 0 0, o000000000111f2b8;  0 drivers
o000000000111f2e8 .functor BUFZ 1, C4<z>; HiZ drive
v0000000001179670_0 .net "i_Rx_Serial", 0 0, o000000000111f2e8;  0 drivers
v0000000001178ef0_0 .net "o_Rx_Byte", 7 0, L_00000000011116a0;  1 drivers
v00000000011781d0_0 .net "o_Rx_DV", 0 0, L_0000000001111630;  1 drivers
v0000000001179a30_0 .var "r_Bit_Index", 2 0;
v00000000011792b0_0 .var "r_Clock_Count", 7 0;
v0000000001178b30_0 .var "r_Rx_Byte", 7 0;
v0000000001178f90_0 .var "r_Rx_DV", 0 0;
v0000000001179ad0_0 .var "r_Rx_Data", 0 0;
v0000000001178950_0 .var "r_Rx_Data_R", 0 0;
v00000000011793f0_0 .var "r_SM_Main", 2 0;
E_00000000010f1970 .event posedge, v00000000011790d0_0;
S_00000000010fec90 .scope module, "uart_tx" "uart_tx" 5 1;
 .timescale -9 -12;
    .port_info 0 /INPUT 1 "i_Clock";
    .port_info 1 /INPUT 1 "i_Tx_DV";
    .port_info 2 /INPUT 8 "i_Tx_Byte";
    .port_info 3 /OUTPUT 1 "o_Tx_Active";
    .port_info 4 /OUTPUT 1 "o_Tx_Serial";
    .port_info 5 /OUTPUT 1 "o_Tx_Done";
P_00000000010fee20 .param/l "CLKS_PER_BIT" 0 5 2, +C4<00000000000000000000000000000000>;
P_00000000010fee58 .param/l "s_CLEANUP" 0 5 16, C4<100>;
P_00000000010fee90 .param/l "s_IDLE" 0 5 12, C4<000>;
P_00000000010feec8 .param/l "s_TX_DATA_BITS" 0 5 14, C4<010>;
P_00000000010fef00 .param/l "s_TX_START_BIT" 0 5 13, C4<001>;
P_00000000010fef38 .param/l "s_TX_STOP_BIT" 0 5 15, C4<011>;
L_0000000001111710 .functor BUFZ 1, v0000000001179d50_0, C4<0>, C4<0>, C4<0>;
L_0000000001111780 .functor BUFZ 1, v0000000001179710_0, C4<0>, C4<0>, C4<0>;
o000000000111f588 .functor BUFZ 1, C4<z>; HiZ drive
v0000000001179350_0 .net "i_Clock", 0 0, o000000000111f588;  0 drivers
o000000000111f5b8 .functor BUFZ 8, C4<zzzzzzzz>; HiZ drive
v0000000001179f30_0 .net "i_Tx_Byte", 7 0, o000000000111f5b8;  0 drivers
o000000000111f5e8 .functor BUFZ 1, C4<z>; HiZ drive
v0000000001179c10_0 .net "i_Tx_DV", 0 0, o000000000111f5e8;  0 drivers
v0000000001179170_0 .net "o_Tx_Active", 0 0, L_0000000001111710;  1 drivers
v00000000011798f0_0 .net "o_Tx_Done", 0 0, L_0000000001111780;  1 drivers
v00000000011789f0_0 .var "o_Tx_Serial", 0 0;
v0000000001178630_0 .var "r_Bit_Index", 2 0;
v0000000001179490_0 .var "r_Clock_Count", 7 0;
v0000000001179b70_0 .var "r_SM_Main", 2 0;
v0000000001179d50_0 .var "r_Tx_Active", 0 0;
v0000000001179530_0 .var "r_Tx_Data", 7 0;
v0000000001179710_0 .var "r_Tx_Done", 0 0;
E_00000000010f1a30 .event posedge, v0000000001179350_0;
    .scope S_0000000001117280;
T_0 ;
    %pushi/vec4 0, 0, 32;
    %store/vec4 v000000000111c4f0_0, 0, 32;
    %pushi/vec4 0, 0, 1;
    %store/vec4 v000000000111cdb0_0, 0, 1;
    %pushi/vec4 0, 0, 1;
    %store/vec4 v000000000111c270_0, 0, 1;
    %pushi/vec4 0, 0, 8;
    %store/vec4 v000000000111c810_0, 0, 8;
    %pushi/vec4 1, 0, 1;
    %store/vec4 v000000000111c770_0, 0, 1;
    %pushi/vec4 0, 0, 3;
    %store/vec4 v000000000111c130_0, 0, 3;
    %end;
    .thread T_0;
    .scope S_0000000001117280;
T_1 ;
    %wait E_00000000010f24f0;
    %load/vec4 v000000000111c630_0;
    %flag_set/vec4 8;
    %jmp/0xz  T_1.0, 8;
    %pushi/vec4 0, 0, 3;
    %assign/vec4 v000000000111c130_0, 0;
    %pushi/vec4 0, 0, 1;
    %assign/vec4 v000000000111c090_0, 0;
    %pushi/vec4 0, 0, 32;
    %store/vec4 v000000000111bff0_0, 0, 32;
T_1.2 ;
    %load/vec4 v000000000111bff0_0;
    %cmpi/s 46874, 0, 32;
    %flag_or 5, 4;
    %jmp/0xz T_1.3, 5;
    %pushi/vec4 0, 0, 8;
    %ix/getv/s 3, v000000000111bff0_0;
    %ix/load 4, 0, 0; Constant delay
    %assign/vec4/a/d v000000000111cbd0, 0, 4;
    %load/vec4 v000000000111bff0_0;
    %addi 1, 0, 32;
    %store/vec4 v000000000111bff0_0, 0, 32;
    %jmp T_1.2;
T_1.3 ;
    %jmp T_1.1;
T_1.0 ;
    %load/vec4 v000000000111c130_0;
    %addi 1, 0, 3;
    %assign/vec4 v000000000111c130_0, 0;
    %load/vec4 v000000000111c130_0;
    %pad/u 32;
    %cmpi/e 7, 0, 32;
    %jmp/0xz  T_1.4, 4;
    %load/vec4 v000000000111c4f0_0;
    %addi 1, 0, 32;
    %assign/vec4 v000000000111c4f0_0, 0;
    %vpi_call 3 78 "$display", "%4dns  count = %d , pdm_array[%d] = %b \012\012", $stime, v000000000111c130_0, v000000000111c4f0_0, &A<v000000000111cbd0, v000000000111c4f0_0 > {0 0 0};
    %jmp T_1.5;
T_1.4 ;
    %pushi/vec4 0, 0, 1;
    %assign/vec4 v000000000111c090_0, 0;
T_1.5 ;
    %load/vec4 v000000000111c4f0_0;
    %cmpi/s 20000, 0, 32;
    %flag_or 5, 4; GT is !LE
    %flag_inv 5;
    %jmp/0xz  T_1.6, 5;
    %vpi_call 3 85 "$finish" {0 0 0};
T_1.6 ;
T_1.1 ;
    %jmp T_1;
    .thread T_1;
    .scope S_0000000001117280;
T_2 ;
    %wait E_00000000010f2270;
    %ix/getv/s 4, v000000000111c4f0_0;
    %load/vec4a v000000000111cbd0, 4;
    %ix/load 4, 1, 0;
    %flag_set/imm 4, 0;
    %shiftl 4;
    %load/vec4 v000000000111c3b0_0;
    %pad/u 8;
    %add;
    %ix/getv/s 3, v000000000111c4f0_0;
    %ix/load 4, 0, 0; Constant delay
    %assign/vec4/a/d v000000000111cbd0, 0, 4;
    %jmp T_2;
    .thread T_2, $push;
    .scope S_00000000010ab8a0;
T_3 ;
    %pushi/vec4 0, 0, 1;
    %store/vec4 v000000000111c9f0_0, 0, 1;
    %pushi/vec4 1, 0, 1;
    %store/vec4 v000000000111beb0_0, 0, 1;
    %pushi/vec4 0, 0, 24;
    %store/vec4 v000000000111c310_0, 0, 24;
    %pushi/vec4 1, 0, 1;
    %store/vec4 v000000000111c450_0, 0, 1;
    %delay 1000, 0;
    %pushi/vec4 0, 0, 1;
    %store/vec4 v000000000111c450_0, 0, 1;
    %vpi_call 2 23 "$dumpfile", "tb" {0 0 0};
    %vpi_call 2 24 "$dumpvars" {0 0 0};
    %end;
    .thread T_3;
    .scope S_00000000010ab8a0;
T_4 ;
    %wait E_00000000010f1c70;
    %load/vec4 v000000000111c310_0;
    %addi 1, 0, 24;
    %assign/vec4 v000000000111c310_0, 0;
    %jmp T_4;
    .thread T_4;
    .scope S_00000000010ab8a0;
T_5 ;
    %delay 2000, 0;
    %load/vec4 v000000000111c9f0_0;
    %inv;
    %assign/vec4 v000000000111c9f0_0, 0;
    %jmp T_5;
    .thread T_5;
    .scope S_00000000010ab8a0;
T_6 ;
    %delay 4000, 0;
    %load/vec4 v000000000111beb0_0;
    %inv;
    %assign/vec4 v000000000111beb0_0, 0;
    %jmp T_6;
    .thread T_6;
    .scope S_00000000010aba30;
T_7 ;
    %pushi/vec4 1, 0, 1;
    %store/vec4 v0000000001178950_0, 0, 1;
    %pushi/vec4 1, 0, 1;
    %store/vec4 v0000000001179ad0_0, 0, 1;
    %pushi/vec4 0, 0, 8;
    %store/vec4 v00000000011792b0_0, 0, 8;
    %pushi/vec4 0, 0, 3;
    %store/vec4 v0000000001179a30_0, 0, 3;
    %pushi/vec4 0, 0, 8;
    %store/vec4 v0000000001178b30_0, 0, 8;
    %pushi/vec4 0, 0, 1;
    %store/vec4 v0000000001178f90_0, 0, 1;
    %pushi/vec4 0, 0, 3;
    %store/vec4 v00000000011793f0_0, 0, 3;
    %end;
    .thread T_7;
    .scope S_00000000010aba30;
T_8 ;
    %wait E_00000000010f1970;
    %load/vec4 v0000000001179670_0;
    %assign/vec4 v0000000001178950_0, 0;
    %load/vec4 v0000000001178950_0;
    %assign/vec4 v0000000001179ad0_0, 0;
    %jmp T_8;
    .thread T_8;
    .scope S_00000000010aba30;
T_9 ;
    %wait E_00000000010f1970;
    %load/vec4 v00000000011793f0_0;
    %dup/vec4;
    %pushi/vec4 0, 0, 3;
    %cmp/u;
    %jmp/1 T_9.0, 6;
    %dup/vec4;
    %pushi/vec4 1, 0, 3;
    %cmp/u;
    %jmp/1 T_9.1, 6;
    %dup/vec4;
    %pushi/vec4 2, 0, 3;
    %cmp/u;
    %jmp/1 T_9.2, 6;
    %dup/vec4;
    %pushi/vec4 3, 0, 3;
    %cmp/u;
    %jmp/1 T_9.3, 6;
    %dup/vec4;
    %pushi/vec4 4, 0, 3;
    %cmp/u;
    %jmp/1 T_9.4, 6;
    %pushi/vec4 0, 0, 3;
    %assign/vec4 v00000000011793f0_0, 0;
    %jmp T_9.6;
T_9.0 ;
    %pushi/vec4 0, 0, 1;
    %assign/vec4 v0000000001178f90_0, 0;
    %pushi/vec4 0, 0, 8;
    %assign/vec4 v00000000011792b0_0, 0;
    %pushi/vec4 0, 0, 3;
    %assign/vec4 v0000000001179a30_0, 0;
    %load/vec4 v0000000001179ad0_0;
    %cmpi/e 0, 0, 1;
    %jmp/0xz  T_9.7, 4;
    %pushi/vec4 1, 0, 3;
    %assign/vec4 v00000000011793f0_0, 0;
    %jmp T_9.8;
T_9.7 ;
    %pushi/vec4 0, 0, 3;
    %assign/vec4 v00000000011793f0_0, 0;
T_9.8 ;
    %jmp T_9.6;
T_9.1 ;
    %load/vec4 v00000000011792b0_0;
    %pad/u 32;
    %cmpi/e 2147483647, 0, 32;
    %jmp/0xz  T_9.9, 4;
    %load/vec4 v0000000001179ad0_0;
    %cmpi/e 0, 0, 1;
    %jmp/0xz  T_9.11, 4;
    %pushi/vec4 0, 0, 8;
    %assign/vec4 v00000000011792b0_0, 0;
    %pushi/vec4 2, 0, 3;
    %assign/vec4 v00000000011793f0_0, 0;
    %jmp T_9.12;
T_9.11 ;
    %pushi/vec4 0, 0, 3;
    %assign/vec4 v00000000011793f0_0, 0;
T_9.12 ;
    %jmp T_9.10;
T_9.9 ;
    %load/vec4 v00000000011792b0_0;
    %addi 1, 0, 8;
    %assign/vec4 v00000000011792b0_0, 0;
    %pushi/vec4 1, 0, 3;
    %assign/vec4 v00000000011793f0_0, 0;
T_9.10 ;
    %jmp T_9.6;
T_9.2 ;
    %load/vec4 v00000000011792b0_0;
    %pad/u 32;
    %cmpi/u 4294967295, 0, 32;
    %jmp/0xz  T_9.13, 5;
    %load/vec4 v00000000011792b0_0;
    %addi 1, 0, 8;
    %assign/vec4 v00000000011792b0_0, 0;
    %pushi/vec4 2, 0, 3;
    %assign/vec4 v00000000011793f0_0, 0;
    %jmp T_9.14;
T_9.13 ;
    %pushi/vec4 0, 0, 8;
    %assign/vec4 v00000000011792b0_0, 0;
    %load/vec4 v0000000001179ad0_0;
    %ix/load 5, 0, 0;
    %ix/getv 4, v0000000001179a30_0;
    %assign/vec4/off/d v0000000001178b30_0, 4, 5;
    %load/vec4 v0000000001179a30_0;
    %pad/u 32;
    %cmpi/u 7, 0, 32;
    %jmp/0xz  T_9.15, 5;
    %load/vec4 v0000000001179a30_0;
    %addi 1, 0, 3;
    %assign/vec4 v0000000001179a30_0, 0;
    %pushi/vec4 2, 0, 3;
    %assign/vec4 v00000000011793f0_0, 0;
    %jmp T_9.16;
T_9.15 ;
    %pushi/vec4 0, 0, 3;
    %assign/vec4 v0000000001179a30_0, 0;
    %pushi/vec4 3, 0, 3;
    %assign/vec4 v00000000011793f0_0, 0;
T_9.16 ;
T_9.14 ;
    %jmp T_9.6;
T_9.3 ;
    %load/vec4 v00000000011792b0_0;
    %pad/u 32;
    %cmpi/u 4294967295, 0, 32;
    %jmp/0xz  T_9.17, 5;
    %load/vec4 v00000000011792b0_0;
    %addi 1, 0, 8;
    %assign/vec4 v00000000011792b0_0, 0;
    %pushi/vec4 3, 0, 3;
    %assign/vec4 v00000000011793f0_0, 0;
    %jmp T_9.18;
T_9.17 ;
    %pushi/vec4 1, 0, 1;
    %assign/vec4 v0000000001178f90_0, 0;
    %pushi/vec4 0, 0, 8;
    %assign/vec4 v00000000011792b0_0, 0;
    %pushi/vec4 4, 0, 3;
    %assign/vec4 v00000000011793f0_0, 0;
T_9.18 ;
    %jmp T_9.6;
T_9.4 ;
    %pushi/vec4 0, 0, 3;
    %assign/vec4 v00000000011793f0_0, 0;
    %pushi/vec4 0, 0, 1;
    %assign/vec4 v0000000001178f90_0, 0;
    %jmp T_9.6;
T_9.6 ;
    %pop/vec4 1;
    %jmp T_9;
    .thread T_9;
    .scope S_00000000010fec90;
T_10 ;
    %pushi/vec4 0, 0, 3;
    %store/vec4 v0000000001179b70_0, 0, 3;
    %pushi/vec4 0, 0, 8;
    %store/vec4 v0000000001179490_0, 0, 8;
    %pushi/vec4 0, 0, 3;
    %store/vec4 v0000000001178630_0, 0, 3;
    %pushi/vec4 0, 0, 8;
    %store/vec4 v0000000001179530_0, 0, 8;
    %pushi/vec4 0, 0, 1;
    %store/vec4 v0000000001179710_0, 0, 1;
    %pushi/vec4 0, 0, 1;
    %store/vec4 v0000000001179d50_0, 0, 1;
    %end;
    .thread T_10;
    .scope S_00000000010fec90;
T_11 ;
    %wait E_00000000010f1a30;
    %load/vec4 v0000000001179b70_0;
    %dup/vec4;
    %pushi/vec4 0, 0, 3;
    %cmp/u;
    %jmp/1 T_11.0, 6;
    %dup/vec4;
    %pushi/vec4 1, 0, 3;
    %cmp/u;
    %jmp/1 T_11.1, 6;
    %dup/vec4;
    %pushi/vec4 2, 0, 3;
    %cmp/u;
    %jmp/1 T_11.2, 6;
    %dup/vec4;
    %pushi/vec4 3, 0, 3;
    %cmp/u;
    %jmp/1 T_11.3, 6;
    %dup/vec4;
    %pushi/vec4 4, 0, 3;
    %cmp/u;
    %jmp/1 T_11.4, 6;
    %pushi/vec4 0, 0, 3;
    %assign/vec4 v0000000001179b70_0, 0;
    %jmp T_11.6;
T_11.0 ;
    %pushi/vec4 1, 0, 1;
    %assign/vec4 v00000000011789f0_0, 0;
    %pushi/vec4 0, 0, 1;
    %assign/vec4 v0000000001179710_0, 0;
    %pushi/vec4 0, 0, 8;
    %assign/vec4 v0000000001179490_0, 0;
    %pushi/vec4 0, 0, 3;
    %assign/vec4 v0000000001178630_0, 0;
    %load/vec4 v0000000001179c10_0;
    %cmpi/e 1, 0, 1;
    %jmp/0xz  T_11.7, 4;
    %pushi/vec4 1, 0, 1;
    %assign/vec4 v0000000001179d50_0, 0;
    %load/vec4 v0000000001179f30_0;
    %assign/vec4 v0000000001179530_0, 0;
    %pushi/vec4 1, 0, 3;
    %assign/vec4 v0000000001179b70_0, 0;
    %jmp T_11.8;
T_11.7 ;
    %pushi/vec4 0, 0, 3;
    %assign/vec4 v0000000001179b70_0, 0;
T_11.8 ;
    %jmp T_11.6;
T_11.1 ;
    %pushi/vec4 0, 0, 1;
    %assign/vec4 v00000000011789f0_0, 0;
    %load/vec4 v0000000001179490_0;
    %pad/u 32;
    %cmpi/u 4294967295, 0, 32;
    %jmp/0xz  T_11.9, 5;
    %load/vec4 v0000000001179490_0;
    %addi 1, 0, 8;
    %assign/vec4 v0000000001179490_0, 0;
    %pushi/vec4 1, 0, 3;
    %assign/vec4 v0000000001179b70_0, 0;
    %jmp T_11.10;
T_11.9 ;
    %pushi/vec4 0, 0, 8;
    %assign/vec4 v0000000001179490_0, 0;
    %pushi/vec4 2, 0, 3;
    %assign/vec4 v0000000001179b70_0, 0;
T_11.10 ;
    %jmp T_11.6;
T_11.2 ;
    %load/vec4 v0000000001179530_0;
    %load/vec4 v0000000001178630_0;
    %part/u 1;
    %assign/vec4 v00000000011789f0_0, 0;
    %load/vec4 v0000000001179490_0;
    %pad/u 32;
    %cmpi/u 4294967295, 0, 32;
    %jmp/0xz  T_11.11, 5;
    %load/vec4 v0000000001179490_0;
    %addi 1, 0, 8;
    %assign/vec4 v0000000001179490_0, 0;
    %pushi/vec4 2, 0, 3;
    %assign/vec4 v0000000001179b70_0, 0;
    %jmp T_11.12;
T_11.11 ;
    %pushi/vec4 0, 0, 8;
    %assign/vec4 v0000000001179490_0, 0;
    %load/vec4 v0000000001178630_0;
    %pad/u 32;
    %cmpi/u 7, 0, 32;
    %jmp/0xz  T_11.13, 5;
    %load/vec4 v0000000001178630_0;
    %addi 1, 0, 3;
    %assign/vec4 v0000000001178630_0, 0;
    %pushi/vec4 2, 0, 3;
    %assign/vec4 v0000000001179b70_0, 0;
    %jmp T_11.14;
T_11.13 ;
    %pushi/vec4 0, 0, 3;
    %assign/vec4 v0000000001178630_0, 0;
    %pushi/vec4 3, 0, 3;
    %assign/vec4 v0000000001179b70_0, 0;
T_11.14 ;
T_11.12 ;
    %jmp T_11.6;
T_11.3 ;
    %pushi/vec4 1, 0, 1;
    %assign/vec4 v00000000011789f0_0, 0;
    %load/vec4 v0000000001179490_0;
    %pad/u 32;
    %cmpi/u 4294967295, 0, 32;
    %jmp/0xz  T_11.15, 5;
    %load/vec4 v0000000001179490_0;
    %addi 1, 0, 8;
    %assign/vec4 v0000000001179490_0, 0;
    %pushi/vec4 3, 0, 3;
    %assign/vec4 v0000000001179b70_0, 0;
    %jmp T_11.16;
T_11.15 ;
    %pushi/vec4 1, 0, 1;
    %assign/vec4 v0000000001179710_0, 0;
    %pushi/vec4 0, 0, 8;
    %assign/vec4 v0000000001179490_0, 0;
    %pushi/vec4 4, 0, 3;
    %assign/vec4 v0000000001179b70_0, 0;
    %pushi/vec4 0, 0, 1;
    %assign/vec4 v0000000001179d50_0, 0;
T_11.16 ;
    %jmp T_11.6;
T_11.4 ;
    %pushi/vec4 1, 0, 1;
    %assign/vec4 v0000000001179710_0, 0;
    %pushi/vec4 0, 0, 3;
    %assign/vec4 v0000000001179b70_0, 0;
    %jmp T_11.6;
T_11.6 ;
    %pop/vec4 1;
    %jmp T_11;
    .thread T_11;
# The file index is used to find the file name in the following table.
:file_names 6;
    "N/A";
    "<interactive>";
    "tb.v";
    "./input_pdm.v";
    "./uart_rx.v";
    "./uart_tx.v";
