#! /usr/local/iverilog/bin/vvp
:ivl_version "11.0 (devel)";
:ivl_delay_selection "TYPICAL";
:vpi_time_precision - 11;
:vpi_module "C:\iverilog\lib\ivl\system.vpi";
:vpi_module "C:\iverilog\lib\ivl\vhdl_sys.vpi";
:vpi_module "C:\iverilog\lib\ivl\vhdl_textio.vpi";
:vpi_module "C:\iverilog\lib\ivl\v2005_math.vpi";
:vpi_module "C:\iverilog\lib\ivl\va_math.vpi";
S_00000000010af7d0 .scope module, "uart_tb" "uart_tb" 2 6;
 .timescale -9 -11;
P_0000000001063760 .param/l "c_BIT_PERIOD" 0 2 13, +C4<00000000000000011001000111110000>;
P_0000000001063798 .param/l "c_CLKS_PER_BIT" 0 2 12, +C4<00000000000000000000000010011100>;
P_00000000010637d0 .param/l "c_CLOCK_PERIOD_NS" 0 2 11, +C4<00000000000000000000001010011010>;
v000000000110b8e0_0 .var "r_Clock", 0 0;
v000000000110b480_0 .var "r_Rx_Serial", 0 0;
v000000000110a8a0_0 .var "r_Tx_Byte", 7 0;
v000000000110a4e0_0 .var "r_Tx_DV", 0 0;
v000000000110b0c0_0 .net "w_Rx_Byte", 7 0, L_00000000010b1be0;  1 drivers
v000000000110b160_0 .net "w_Tx_Done", 0 0, L_00000000010b1710;  1 drivers
E_000000000108db00 .event posedge, v00000000001990c0_0;
S_00000000010af960 .scope module, "UART_RX_INST" "uart_rx" 2 50, 3 1 0, S_00000000010af7d0;
 .timescale -9 -11;
    .port_info 0 /INPUT 1 "i_Clock";
    .port_info 1 /INPUT 1 "i_Rx_Serial";
    .port_info 2 /OUTPUT 1 "o_Rx_DV";
    .port_info 3 /OUTPUT 8 "o_Rx_Byte";
P_00000000010afaf0 .param/l "CLKS_PER_BIT" 0 3 2, +C4<00000000000000000000000010011100>;
P_00000000010afb28 .param/l "s_CLEANUP" 0 3 14, C4<100>;
P_00000000010afb60 .param/l "s_IDLE" 0 3 10, C4<000>;
P_00000000010afb98 .param/l "s_RX_DATA_BITS" 0 3 12, C4<010>;
P_00000000010afbd0 .param/l "s_RX_START_BIT" 0 3 11, C4<001>;
P_00000000010afc08 .param/l "s_RX_STOP_BIT" 0 3 13, C4<011>;
L_00000000010b1390 .functor BUFZ 1, v0000000000198f80_0, C4<0>, C4<0>, C4<0>;
L_00000000010b1be0 .functor BUFZ 8, v00000000001992a0_0, C4<00000000>, C4<00000000>, C4<00000000>;
v0000000000199a20_0 .net "i_Clock", 0 0, v000000000110b8e0_0;  1 drivers
v0000000000198da0_0 .net "i_Rx_Serial", 0 0, v000000000110b480_0;  1 drivers
v0000000000199200_0 .net "o_Rx_Byte", 7 0, L_00000000010b1be0;  alias, 1 drivers
v00000000001998e0_0 .net "o_Rx_DV", 0 0, L_00000000010b1390;  1 drivers
v0000000000198e40_0 .var "r_Bit_Index", 2 0;
v0000000000199840_0 .var "r_Clock_Count", 7 0;
v00000000001992a0_0 .var "r_Rx_Byte", 7 0;
v0000000000198f80_0 .var "r_Rx_DV", 0 0;
v0000000000199ac0_0 .var "r_Rx_Data", 0 0;
v0000000000199340_0 .var "r_Rx_Data_R", 0 0;
v00000000001993e0_0 .var "r_SM_Main", 2 0;
E_000000000108e0c0 .event posedge, v0000000000199a20_0;
S_0000000001062d40 .scope module, "UART_TX_INST" "uart_tx" 2 57, 4 1 0, S_00000000010af7d0;
 .timescale -9 -11;
    .port_info 0 /INPUT 1 "i_Clock";
    .port_info 1 /INPUT 1 "i_Tx_DV";
    .port_info 2 /INPUT 8 "i_Tx_Byte";
    .port_info 3 /OUTPUT 1 "o_Tx_Active";
    .port_info 4 /OUTPUT 1 "o_Tx_Serial";
    .port_info 5 /OUTPUT 1 "o_Tx_Done";
P_0000000001062ed0 .param/l "CLKS_PER_BIT" 0 4 2, +C4<00000000000000000000000010011100>;
P_0000000001062f08 .param/l "s_CLEANUP" 0 4 16, C4<100>;
P_0000000001062f40 .param/l "s_IDLE" 0 4 12, C4<000>;
P_0000000001062f78 .param/l "s_TX_DATA_BITS" 0 4 14, C4<010>;
P_0000000001062fb0 .param/l "s_TX_START_BIT" 0 4 13, C4<001>;
P_0000000001062fe8 .param/l "s_TX_STOP_BIT" 0 4 15, C4<011>;
L_00000000010b11d0 .functor BUFZ 1, v0000000000198d00_0, C4<0>, C4<0>, C4<0>;
L_00000000010b1710 .functor BUFZ 1, v000000000110b5c0_0, C4<0>, C4<0>, C4<0>;
v0000000000198bc0_0 .net "i_Clock", 0 0, v000000000110b8e0_0;  alias, 1 drivers
v0000000000199160_0 .net "i_Tx_Byte", 7 0, v000000000110a8a0_0;  1 drivers
v0000000000199980_0 .net "i_Tx_DV", 0 0, v000000000110a4e0_0;  1 drivers
v0000000000198ee0_0 .net "o_Tx_Active", 0 0, L_00000000010b11d0;  1 drivers
v00000000001990c0_0 .net "o_Tx_Done", 0 0, L_00000000010b1710;  alias, 1 drivers
v0000000000199700_0 .var "o_Tx_Serial", 0 0;
v0000000000199480_0 .var "r_Bit_Index", 2 0;
v00000000001997a0_0 .var "r_Clock_Count", 7 0;
v0000000000198c60_0 .var "r_SM_Main", 2 0;
v0000000000198d00_0 .var "r_Tx_Active", 0 0;
v000000000110af80_0 .var "r_Tx_Data", 7 0;
v000000000110b5c0_0 .var "r_Tx_Done", 0 0;
S_0000000001063030 .scope task, "UART_WRITE_BYTE" "UART_WRITE_BYTE" 2 24, 2 24 0, S_00000000010af7d0;
 .timescale -9 -11;
v000000000110a120_0 .var "i_Data", 7 0;
v000000000110bde0_0 .var/i "ii", 31 0;
TD_uart_tb.UART_WRITE_BYTE ;
    %pushi/vec4 0, 0, 1;
    %assign/vec4 v000000000110b480_0, 0;
    %delay 10289600, 0;
    %delay 100000, 0;
    %pushi/vec4 0, 0, 32;
    %store/vec4 v000000000110bde0_0, 0, 32;
T_0.0 ;
    %load/vec4 v000000000110bde0_0;
    %cmpi/s 8, 0, 32;
    %jmp/0xz T_0.1, 5;
    %load/vec4 v000000000110a120_0;
    %load/vec4 v000000000110bde0_0;
    %part/s 1;
    %assign/vec4 v000000000110b480_0, 0;
    %vpi_call 2 39 "$display", "data = %b ", &PV<v000000000110a120_0, v000000000110bde0_0, 1> {0 0 0};
    %delay 10289600, 0;
    %load/vec4 v000000000110bde0_0;
    %addi 1, 0, 32;
    %store/vec4 v000000000110bde0_0, 0, 32;
    %jmp T_0.0;
T_0.1 ;
    %pushi/vec4 1, 0, 1;
    %assign/vec4 v000000000110b480_0, 0;
    %delay 10289600, 0;
    %end;
    .scope S_00000000010af960;
T_1 ;
    %pushi/vec4 1, 0, 1;
    %store/vec4 v0000000000199340_0, 0, 1;
    %pushi/vec4 1, 0, 1;
    %store/vec4 v0000000000199ac0_0, 0, 1;
    %pushi/vec4 0, 0, 8;
    %store/vec4 v0000000000199840_0, 0, 8;
    %pushi/vec4 0, 0, 3;
    %store/vec4 v0000000000198e40_0, 0, 3;
    %pushi/vec4 0, 0, 8;
    %store/vec4 v00000000001992a0_0, 0, 8;
    %pushi/vec4 0, 0, 1;
    %store/vec4 v0000000000198f80_0, 0, 1;
    %pushi/vec4 0, 0, 3;
    %store/vec4 v00000000001993e0_0, 0, 3;
    %end;
    .thread T_1;
    .scope S_00000000010af960;
T_2 ;
    %wait E_000000000108e0c0;
    %load/vec4 v0000000000198da0_0;
    %assign/vec4 v0000000000199340_0, 0;
    %load/vec4 v0000000000199340_0;
    %assign/vec4 v0000000000199ac0_0, 0;
    %jmp T_2;
    .thread T_2;
    .scope S_00000000010af960;
T_3 ;
    %wait E_000000000108e0c0;
    %load/vec4 v00000000001993e0_0;
    %dup/vec4;
    %pushi/vec4 0, 0, 3;
    %cmp/u;
    %jmp/1 T_3.0, 6;
    %dup/vec4;
    %pushi/vec4 1, 0, 3;
    %cmp/u;
    %jmp/1 T_3.1, 6;
    %dup/vec4;
    %pushi/vec4 2, 0, 3;
    %cmp/u;
    %jmp/1 T_3.2, 6;
    %dup/vec4;
    %pushi/vec4 3, 0, 3;
    %cmp/u;
    %jmp/1 T_3.3, 6;
    %dup/vec4;
    %pushi/vec4 4, 0, 3;
    %cmp/u;
    %jmp/1 T_3.4, 6;
    %pushi/vec4 0, 0, 3;
    %assign/vec4 v00000000001993e0_0, 0;
    %jmp T_3.6;
T_3.0 ;
    %pushi/vec4 0, 0, 1;
    %assign/vec4 v0000000000198f80_0, 0;
    %pushi/vec4 0, 0, 8;
    %assign/vec4 v0000000000199840_0, 0;
    %pushi/vec4 0, 0, 3;
    %assign/vec4 v0000000000198e40_0, 0;
    %load/vec4 v0000000000199ac0_0;
    %cmpi/e 0, 0, 1;
    %jmp/0xz  T_3.7, 4;
    %pushi/vec4 1, 0, 3;
    %assign/vec4 v00000000001993e0_0, 0;
    %jmp T_3.8;
T_3.7 ;
    %pushi/vec4 0, 0, 3;
    %assign/vec4 v00000000001993e0_0, 0;
T_3.8 ;
    %jmp T_3.6;
T_3.1 ;
    %load/vec4 v0000000000199840_0;
    %pad/u 32;
    %cmpi/e 77, 0, 32;
    %jmp/0xz  T_3.9, 4;
    %load/vec4 v0000000000199ac0_0;
    %cmpi/e 0, 0, 1;
    %jmp/0xz  T_3.11, 4;
    %pushi/vec4 0, 0, 8;
    %assign/vec4 v0000000000199840_0, 0;
    %pushi/vec4 2, 0, 3;
    %assign/vec4 v00000000001993e0_0, 0;
    %jmp T_3.12;
T_3.11 ;
    %pushi/vec4 0, 0, 3;
    %assign/vec4 v00000000001993e0_0, 0;
T_3.12 ;
    %jmp T_3.10;
T_3.9 ;
    %load/vec4 v0000000000199840_0;
    %addi 1, 0, 8;
    %assign/vec4 v0000000000199840_0, 0;
    %pushi/vec4 1, 0, 3;
    %assign/vec4 v00000000001993e0_0, 0;
T_3.10 ;
    %jmp T_3.6;
T_3.2 ;
    %load/vec4 v0000000000199840_0;
    %pad/u 32;
    %cmpi/u 155, 0, 32;
    %jmp/0xz  T_3.13, 5;
    %load/vec4 v0000000000199840_0;
    %addi 1, 0, 8;
    %assign/vec4 v0000000000199840_0, 0;
    %pushi/vec4 2, 0, 3;
    %assign/vec4 v00000000001993e0_0, 0;
    %jmp T_3.14;
T_3.13 ;
    %pushi/vec4 0, 0, 8;
    %assign/vec4 v0000000000199840_0, 0;
    %load/vec4 v0000000000199ac0_0;
    %ix/load 5, 0, 0;
    %ix/getv 4, v0000000000198e40_0;
    %assign/vec4/off/d v00000000001992a0_0, 4, 5;
    %load/vec4 v0000000000198e40_0;
    %pad/u 32;
    %cmpi/u 7, 0, 32;
    %jmp/0xz  T_3.15, 5;
    %load/vec4 v0000000000198e40_0;
    %addi 1, 0, 3;
    %assign/vec4 v0000000000198e40_0, 0;
    %pushi/vec4 2, 0, 3;
    %assign/vec4 v00000000001993e0_0, 0;
    %jmp T_3.16;
T_3.15 ;
    %pushi/vec4 0, 0, 3;
    %assign/vec4 v0000000000198e40_0, 0;
    %pushi/vec4 3, 0, 3;
    %assign/vec4 v00000000001993e0_0, 0;
T_3.16 ;
T_3.14 ;
    %jmp T_3.6;
T_3.3 ;
    %load/vec4 v0000000000199840_0;
    %pad/u 32;
    %cmpi/u 155, 0, 32;
    %jmp/0xz  T_3.17, 5;
    %load/vec4 v0000000000199840_0;
    %addi 1, 0, 8;
    %assign/vec4 v0000000000199840_0, 0;
    %pushi/vec4 3, 0, 3;
    %assign/vec4 v00000000001993e0_0, 0;
    %jmp T_3.18;
T_3.17 ;
    %pushi/vec4 1, 0, 1;
    %assign/vec4 v0000000000198f80_0, 0;
    %pushi/vec4 0, 0, 8;
    %assign/vec4 v0000000000199840_0, 0;
    %pushi/vec4 4, 0, 3;
    %assign/vec4 v00000000001993e0_0, 0;
T_3.18 ;
    %jmp T_3.6;
T_3.4 ;
    %pushi/vec4 0, 0, 3;
    %assign/vec4 v00000000001993e0_0, 0;
    %pushi/vec4 0, 0, 1;
    %assign/vec4 v0000000000198f80_0, 0;
    %jmp T_3.6;
T_3.6 ;
    %pop/vec4 1;
    %jmp T_3;
    .thread T_3;
    .scope S_0000000001062d40;
T_4 ;
    %pushi/vec4 0, 0, 3;
    %store/vec4 v0000000000198c60_0, 0, 3;
    %pushi/vec4 0, 0, 8;
    %store/vec4 v00000000001997a0_0, 0, 8;
    %pushi/vec4 0, 0, 3;
    %store/vec4 v0000000000199480_0, 0, 3;
    %pushi/vec4 0, 0, 8;
    %store/vec4 v000000000110af80_0, 0, 8;
    %pushi/vec4 0, 0, 1;
    %store/vec4 v000000000110b5c0_0, 0, 1;
    %pushi/vec4 0, 0, 1;
    %store/vec4 v0000000000198d00_0, 0, 1;
    %end;
    .thread T_4;
    .scope S_0000000001062d40;
T_5 ;
    %wait E_000000000108e0c0;
    %load/vec4 v0000000000198c60_0;
    %dup/vec4;
    %pushi/vec4 0, 0, 3;
    %cmp/u;
    %jmp/1 T_5.0, 6;
    %dup/vec4;
    %pushi/vec4 1, 0, 3;
    %cmp/u;
    %jmp/1 T_5.1, 6;
    %dup/vec4;
    %pushi/vec4 2, 0, 3;
    %cmp/u;
    %jmp/1 T_5.2, 6;
    %dup/vec4;
    %pushi/vec4 3, 0, 3;
    %cmp/u;
    %jmp/1 T_5.3, 6;
    %dup/vec4;
    %pushi/vec4 4, 0, 3;
    %cmp/u;
    %jmp/1 T_5.4, 6;
    %pushi/vec4 0, 0, 3;
    %assign/vec4 v0000000000198c60_0, 0;
    %jmp T_5.6;
T_5.0 ;
    %pushi/vec4 1, 0, 1;
    %assign/vec4 v0000000000199700_0, 0;
    %pushi/vec4 0, 0, 1;
    %assign/vec4 v000000000110b5c0_0, 0;
    %pushi/vec4 0, 0, 8;
    %assign/vec4 v00000000001997a0_0, 0;
    %pushi/vec4 0, 0, 3;
    %assign/vec4 v0000000000199480_0, 0;
    %load/vec4 v0000000000199980_0;
    %cmpi/e 1, 0, 1;
    %jmp/0xz  T_5.7, 4;
    %pushi/vec4 1, 0, 1;
    %assign/vec4 v0000000000198d00_0, 0;
    %load/vec4 v0000000000199160_0;
    %assign/vec4 v000000000110af80_0, 0;
    %pushi/vec4 1, 0, 3;
    %assign/vec4 v0000000000198c60_0, 0;
    %jmp T_5.8;
T_5.7 ;
    %pushi/vec4 0, 0, 3;
    %assign/vec4 v0000000000198c60_0, 0;
T_5.8 ;
    %jmp T_5.6;
T_5.1 ;
    %pushi/vec4 0, 0, 1;
    %assign/vec4 v0000000000199700_0, 0;
    %load/vec4 v00000000001997a0_0;
    %pad/u 32;
    %cmpi/u 155, 0, 32;
    %jmp/0xz  T_5.9, 5;
    %load/vec4 v00000000001997a0_0;
    %addi 1, 0, 8;
    %assign/vec4 v00000000001997a0_0, 0;
    %pushi/vec4 1, 0, 3;
    %assign/vec4 v0000000000198c60_0, 0;
    %jmp T_5.10;
T_5.9 ;
    %pushi/vec4 0, 0, 8;
    %assign/vec4 v00000000001997a0_0, 0;
    %pushi/vec4 2, 0, 3;
    %assign/vec4 v0000000000198c60_0, 0;
T_5.10 ;
    %jmp T_5.6;
T_5.2 ;
    %load/vec4 v000000000110af80_0;
    %load/vec4 v0000000000199480_0;
    %part/u 1;
    %assign/vec4 v0000000000199700_0, 0;
    %load/vec4 v00000000001997a0_0;
    %pad/u 32;
    %cmpi/u 155, 0, 32;
    %jmp/0xz  T_5.11, 5;
    %load/vec4 v00000000001997a0_0;
    %addi 1, 0, 8;
    %assign/vec4 v00000000001997a0_0, 0;
    %pushi/vec4 2, 0, 3;
    %assign/vec4 v0000000000198c60_0, 0;
    %jmp T_5.12;
T_5.11 ;
    %pushi/vec4 0, 0, 8;
    %assign/vec4 v00000000001997a0_0, 0;
    %load/vec4 v0000000000199480_0;
    %pad/u 32;
    %cmpi/u 7, 0, 32;
    %jmp/0xz  T_5.13, 5;
    %load/vec4 v0000000000199480_0;
    %addi 1, 0, 3;
    %assign/vec4 v0000000000199480_0, 0;
    %pushi/vec4 2, 0, 3;
    %assign/vec4 v0000000000198c60_0, 0;
    %jmp T_5.14;
T_5.13 ;
    %pushi/vec4 0, 0, 3;
    %assign/vec4 v0000000000199480_0, 0;
    %pushi/vec4 3, 0, 3;
    %assign/vec4 v0000000000198c60_0, 0;
T_5.14 ;
T_5.12 ;
    %jmp T_5.6;
T_5.3 ;
    %pushi/vec4 1, 0, 1;
    %assign/vec4 v0000000000199700_0, 0;
    %load/vec4 v00000000001997a0_0;
    %pad/u 32;
    %cmpi/u 155, 0, 32;
    %jmp/0xz  T_5.15, 5;
    %load/vec4 v00000000001997a0_0;
    %addi 1, 0, 8;
    %assign/vec4 v00000000001997a0_0, 0;
    %pushi/vec4 3, 0, 3;
    %assign/vec4 v0000000000198c60_0, 0;
    %jmp T_5.16;
T_5.15 ;
    %pushi/vec4 1, 0, 1;
    %assign/vec4 v000000000110b5c0_0, 0;
    %pushi/vec4 0, 0, 8;
    %assign/vec4 v00000000001997a0_0, 0;
    %pushi/vec4 4, 0, 3;
    %assign/vec4 v0000000000198c60_0, 0;
    %pushi/vec4 0, 0, 1;
    %assign/vec4 v0000000000198d00_0, 0;
T_5.16 ;
    %jmp T_5.6;
T_5.4 ;
    %pushi/vec4 1, 0, 1;
    %assign/vec4 v000000000110b5c0_0, 0;
    %pushi/vec4 0, 0, 3;
    %assign/vec4 v0000000000198c60_0, 0;
    %jmp T_5.6;
T_5.6 ;
    %pop/vec4 1;
    %jmp T_5;
    .thread T_5;
    .scope S_00000000010af7d0;
T_6 ;
    %pushi/vec4 0, 0, 1;
    %store/vec4 v000000000110b8e0_0, 0, 1;
    %pushi/vec4 0, 0, 1;
    %store/vec4 v000000000110a4e0_0, 0, 1;
    %pushi/vec4 0, 0, 8;
    %store/vec4 v000000000110a8a0_0, 0, 8;
    %pushi/vec4 1, 0, 1;
    %store/vec4 v000000000110b480_0, 0, 1;
    %end;
    .thread T_6;
    .scope S_00000000010af7d0;
T_7 ;
    %delay 33300, 0;
    %load/vec4 v000000000110b8e0_0;
    %nor/r;
    %assign/vec4 v000000000110b8e0_0, 0;
    %jmp T_7;
    .thread T_7;
    .scope S_00000000010af7d0;
T_8 ;
    %vpi_call 2 74 "$dumpfile", "uart" {0 0 0};
    %vpi_call 2 75 "$dumpvars" {0 0 0};
    %wait E_000000000108e0c0;
    %wait E_000000000108e0c0;
    %pushi/vec4 1, 0, 1;
    %assign/vec4 v000000000110a4e0_0, 0;
    %pushi/vec4 171, 0, 8;
    %assign/vec4 v000000000110a8a0_0, 0;
    %wait E_000000000108e0c0;
    %pushi/vec4 0, 0, 1;
    %assign/vec4 v000000000110a4e0_0, 0;
    %wait E_000000000108db00;
    %wait E_000000000108e0c0;
    %pushi/vec4 63, 0, 8;
    %store/vec4 v000000000110a120_0, 0, 8;
    %fork TD_uart_tb.UART_WRITE_BYTE, S_0000000001063030;
    %join;
    %wait E_000000000108e0c0;
    %load/vec4 v000000000110b0c0_0;
    %cmpi/e 63, 0, 8;
    %jmp/0xz  T_8.0, 4;
    %vpi_call 2 92 "$display", "Test Passed - Correct Byte Received" {0 0 0};
    %jmp T_8.1;
T_8.0 ;
    %vpi_call 2 94 "$display", "Test Failed - Incorrect Byte Received" {0 0 0};
T_8.1 ;
    %delay 100000, 0;
    %vpi_call 2 97 "$finish" {0 0 0};
    %end;
    .thread T_8;
# The file index is used to find the file name in the following table.
:file_names 5;
    "N/A";
    "<interactive>";
    "uart_tb.v";
    "./uart_rx.v";
    "./uart_tx.v";
